<?xml version="1.0" encoding="UTF-8"?>
<!-- Generated by org.testng.reporters.JUnitXMLReporter -->
<testsuite ignored="0" hostname="Katwolf" failures="1" tests="1" name="sample test" time="29.69" errors="0" timestamp="2023-08-07T15:04:37 ICT">
  <testcase classname="testcases.LoginTest" name="TC_Login" time="5.454">
    <failure type="java.lang.AssertionError" message="[[ChromeDriver: chrome on WINDOWS (2045228bc320847e2cc3cf0f5e03ee03)] -&amp;gt; xpath: //input[@value=&amp;apos;Đăng nhập&amp;apos;]] is not displayed expected [false] but found [true]">
      <![CDATA[java.lang.AssertionError: [[ChromeDriver: chrome on WINDOWS (2045228bc320847e2cc3cf0f5e03ee03)] -> xpath: //input[@value='Đăng nhập']] is not displayed expected [false] but found [true]
at pages.LoginPage.verifyLoginBtnNotDisplayed(LoginPage.java:50)
at testcases.LoginTest.TC_Login(LoginTest.java:46)
at java.base/java.util.ArrayList.forEach(ArrayList.java:1511)
... Removed 30 stack frames]]>
    </failure>
  </testcase> <!-- TC_Login -->
</testsuite> <!-- sample test -->
