<?xml version="1.0" encoding="UTF-8"?>
<testng-results ignored="0" total="1" passed="0" failed="1" skipped="0">
  <reporter-output>
  </reporter-output>
  <suite started-at="2023-08-07T15:04:07 ICT" name="Page Object test example" finished-at="2023-08-07T15:04:37 ICT" duration-ms="29690">
    <groups>
    </groups>
    <test started-at="2023-08-07T15:04:07 ICT" name="sample test" finished-at="2023-08-07T15:04:37 ICT" duration-ms="29690">
      <class name="testcases.LoginTest">
        <test-method is-config="true" signature="initializeTestBaseSetup(java.lang.String,java.lang.String)[pri:0, instance:testcases.LoginTest@63376bed]" started-at="2023-08-07T15:04:08 ICT" name="initializeTestBaseSetup" finished-at="2023-08-07T15:04:27 ICT" duration-ms="19561" status="PASS">
          <params>
            <param index="0">
              <value>
                <![CDATA[chrome]]>
              </value>
            </param>
            <param index="1">
              <value>
                <![CDATA[https://www.anphatpc.com.vn]]>
              </value>
            </param>
          </params>
          <reporter-output>
          </reporter-output>
        </test-method> <!-- initializeTestBaseSetup -->
        <test-method is-config="true" signature="setUp()[pri:0, instance:testcases.LoginTest@63376bed]" started-at="2023-08-07T15:04:27 ICT" name="setUp" finished-at="2023-08-07T15:04:27 ICT" duration-ms="13" status="PASS">
          <reporter-output>
          </reporter-output>
        </test-method> <!-- setUp -->
        <test-method is-config="true" signature="setUpBeforeTest(java.lang.String)[pri:0, instance:testcases.LoginTest@63376bed]" started-at="2023-08-07T15:04:27 ICT" name="setUpBeforeTest" finished-at="2023-08-07T15:04:29 ICT" duration-ms="1287" status="PASS">
          <params>
            <param index="0">
              <value>
                <![CDATA[https://www.anphatpc.com.vn]]>
              </value>
            </param>
          </params>
          <reporter-output>
          </reporter-output>
        </test-method> <!-- setUpBeforeTest -->
        <test-method signature="TC_Login()[pri:0, instance:testcases.LoginTest@63376bed]" started-at="2023-08-07T15:04:29 ICT" name="TC_Login" finished-at="2023-08-07T15:04:34 ICT" duration-ms="5454" status="FAIL">
          <exception class="java.lang.AssertionError">
            <message>
              <![CDATA[[[ChromeDriver: chrome on WINDOWS (2045228bc320847e2cc3cf0f5e03ee03)] -> xpath: //input[@value='Đăng nhập']] is not displayed expected [false] but found [true]]]>
            </message>
            <full-stacktrace>
              <![CDATA[java.lang.AssertionError: [[ChromeDriver: chrome on WINDOWS (2045228bc320847e2cc3cf0f5e03ee03)] -> xpath: //input[@value='Đăng nhập']] is not displayed expected [false] but found [true]
at org.testng.Assert.fail(Assert.java:99)
at org.testng.Assert.failNotEquals(Assert.java:1037)
at org.testng.Assert.assertFalse(Assert.java:67)
at pages.LoginPage.verifyLoginBtnNotDisplayed(LoginPage.java:50)
at testcases.LoginTest.TC_Login(LoginTest.java:46)
at java.base/jdk.internal.reflect.NativeMethodAccessorImpl.invoke0(Native Method)
at java.base/jdk.internal.reflect.NativeMethodAccessorImpl.invoke(NativeMethodAccessorImpl.java:77)
at java.base/jdk.internal.reflect.DelegatingMethodAccessorImpl.invoke(DelegatingMethodAccessorImpl.java:43)
at java.base/java.lang.reflect.Method.invoke(Method.java:568)
at org.testng.internal.MethodInvocationHelper.invokeMethod(MethodInvocationHelper.java:133)
at org.testng.internal.TestInvoker.invokeMethod(TestInvoker.java:598)
at org.testng.internal.TestInvoker.invokeTestMethod(TestInvoker.java:173)
at org.testng.internal.MethodRunner.runInSequence(MethodRunner.java:46)
at org.testng.internal.TestInvoker$MethodInvocationAgent.invoke(TestInvoker.java:824)
at org.testng.internal.TestInvoker.invokeTestMethods(TestInvoker.java:146)
at org.testng.internal.TestMethodWorker.invokeTestMethods(TestMethodWorker.java:146)
at org.testng.internal.TestMethodWorker.run(TestMethodWorker.java:128)
at java.base/java.util.ArrayList.forEach(ArrayList.java:1511)
at org.testng.TestRunner.privateRun(TestRunner.java:794)
at org.testng.TestRunner.run(TestRunner.java:596)
at org.testng.SuiteRunner.runTest(SuiteRunner.java:377)
at org.testng.SuiteRunner.runSequentially(SuiteRunner.java:371)
at org.testng.SuiteRunner.privateRun(SuiteRunner.java:332)
at org.testng.SuiteRunner.run(SuiteRunner.java:276)
at org.testng.SuiteRunnerWorker.runSuite(SuiteRunnerWorker.java:53)
at org.testng.SuiteRunnerWorker.run(SuiteRunnerWorker.java:96)
at org.testng.TestNG.runSuitesSequentially(TestNG.java:1212)
at org.testng.TestNG.runSuitesLocally(TestNG.java:1134)
at org.testng.TestNG.runSuites(TestNG.java:1063)
at org.testng.TestNG.run(TestNG.java:1031)
at org.testng.remote.AbstractRemoteTestNG.run(AbstractRemoteTestNG.java:115)
at org.testng.remote.RemoteTestNG.initAndRun(RemoteTestNG.java:251)
at org.testng.remote.RemoteTestNG.main(RemoteTestNG.java:77)
]]>
            </full-stacktrace>
          </exception> <!-- java.lang.AssertionError -->
          <reporter-output>
          </reporter-output>
        </test-method> <!-- TC_Login -->
        <test-method is-config="true" signature="tearDown()[pri:0, instance:testcases.LoginTest@63376bed]" started-at="2023-08-07T15:04:35 ICT" name="tearDown" finished-at="2023-08-07T15:04:37 ICT" duration-ms="2310" status="PASS">
          <reporter-output>
          </reporter-output>
        </test-method> <!-- tearDown -->
      </class> <!-- testcases.LoginTest -->
    </test> <!-- sample test -->
  </suite> <!-- Page Object test example -->
</testng-results>
